
C:\SimInTech64\bin\CodeTemplates\VC2022>REM Установка системных переменных студии (для 2022) 

C:\SimInTech64\bin\CodeTemplates\VC2022>set path=C:\SimInTech64\bin\;C:\SimInTech64\bin\include_mvtu\;C:\SimInTech64\bin\images_mvtu\;C:\Program Files\Microsoft MPI\Bin\;C:\Program Files (x86)\VMware\VMware Workstation\bin\;C:\WINDOWS\system32;C:\WINDOWS;C:\WINDOWS\System32\Wbem;C:\WINDOWS\System32\WindowsPowerShell\v1.0\;C:\WINDOWS\System32\OpenSSH\;C:\Program Files\Git\cmd;C:\Program Files\PuTTY\;C:\MinGW\bin;C:\Program Files\PostgreSQL\14\bin;C:\Users\Malip\AppData\Local\Programs\Python\Python310\Scripts\;C:\Users\Malip\AppData\Local\Programs\Python\Python310\;C:\Users\Malip\AppData\Local\Microsoft\WindowsApps;C:\Program Files\CMake\bin;c:\Program Files\Microsoft Visual Studio\2022\Community\VC\Auxiliary\Build\ 

C:\SimInTech64\bin\CodeTemplates\VC2022>REM Установка архитектуры сборки модуля в зависимости от разрядности загрузчика 

C:\SimInTech64\bin\CodeTemplates\VC2022>IF "64" == "64" (
call vcvarsall.bat x64  
 SET VC_PLATFORM="x64" 
) 
**********************************************************************
** Visual Studio 2022 Developer Command Prompt v17.3.5
** Copyright (c) 2022 Microsoft Corporation
**********************************************************************
[vcvarsall.bat] Environment initialized for: 'x64'
MSBuild version 17.3.1+2badb37d1 for .NET Framework
Сборка начата 29.12.2022 15:13:07.
Проект "C:\SimInTech64\bin\CodeTemplates\VC2022\src\example_cpp.vcxproj" в узле 1 (целевые объекты rebuild).
_PrepareForClean:
  Файл "..\temp\Release\example_cpp.tlog\example_cpp.lastbuildstate" удаляется.
InitializeBuildStatus:
  Создание "..\temp\Release\example_cpp.tlog\unsuccessfulbuild", так как было задано "AlwaysCreate".
ClCompile:
  c:\Program Files\Microsoft Visual Studio\2022\Community\VC\Tools\MSVC\14.33.31629\bin\HostX64\x64\CL.exe /c /nologo /W3 /WX- /diagnostics:column /O2 /Ob1 /Ot /D WIN32 /D _DEBUG /D _WINDOWS /D _USRDLL /D EXAMPLE_CPP_EXPORTS /D _WINDLL /D _UNICODE /D UNICODE /Gm /EHa /MT /GS- /arch:AVX2 /fp:fast /Zc:wchar_t /Zc:forScope /Zc:inline /GR- /Yc"stdafx.h" /Fp"..\temp\Release\example_cpp.pch" /Fo"..\temp\Release\\" /Fd"..\temp\Release\vc143.pdb" /external:W3 /Gd /TC /FC /errorReport:queue stdafx.cpp
cl : командная строка  warning D9035: использование параметра "Gm" нежелательно, он будет удален в следующих выпусках [C:\SimInTech64\bin\CodeTemplates\VC2022\src\example_cpp.vcxproj]
  stdafx.cpp
cl : командная строка  warning D9007: для "/Gm" требуется "/Zi или /ZI"; параметр пропущен [C:\SimInTech64\bin\CodeTemplates\VC2022\src\example_cpp.vcxproj]
  c:\Program Files\Microsoft Visual Studio\2022\Community\VC\Tools\MSVC\14.33.31629\bin\HostX64\x64\CL.exe /c /nologo /W3 /WX- /diagnostics:column /O2 /Ob1 /Ot /D WIN32 /D _DEBUG /D _WINDOWS /D _USRDLL /D EXAMPLE_CPP_EXPORTS /D _WINDLL /D _UNICODE /D UNICODE /Gm /EHa /MT /GS- /arch:AVX2 /fp:fast /Zc:wchar_t /Zc:forScope /Zc:inline /GR- /Fo"..\temp\Release\\" /Fd"..\temp\Release\vc143.pdb" /external:W3 /Gd /TC /FC /errorReport:queue dllmain.cpp
cl : командная строка  warning D9035: использование параметра "Gm" нежелательно, он будет удален в следующих выпусках [C:\SimInTech64\bin\CodeTemplates\VC2022\src\example_cpp.vcxproj]
cl : командная строка  warning D9007: для "/Gm" требуется "/Zi или /ZI"; параметр пропущен [C:\SimInTech64\bin\CodeTemplates\VC2022\src\example_cpp.vcxproj]
  dllmain.cpp
  c:\Program Files\Microsoft Visual Studio\2022\Community\VC\Tools\MSVC\14.33.31629\bin\HostX64\x64\CL.exe /c /nologo /W3 /WX- /diagnostics:column /O2 /Ob1 /Ot /D WIN32 /D _DEBUG /D _WINDOWS /D _USRDLL /D EXAMPLE_CPP_EXPORTS /D _WINDLL /D _UNICODE /D UNICODE /Gm /EHa /MT /GS- /arch:AVX2 /fp:fast /Zc:wchar_t /Zc:forScope /Zc:inline /GR- /Fo"..\temp\Release\\" /Fd"..\temp\Release\vc143.pdb" /external:W3 /Gd /TC /FC /errorReport:queue example.c
cl : командная строка  warning D9035: использование параметра "Gm" нежелательно, он будет удален в следующих выпусках [C:\SimInTech64\bin\CodeTemplates\VC2022\src\example_cpp.vcxproj]
cl : командная строка  warning D9007: для "/Gm" требуется "/Zi или /ZI"; параметр пропущен [C:\SimInTech64\bin\CodeTemplates\VC2022\src\example_cpp.vcxproj]
  example.c
C:\SimInTech64\bin\CodeTemplates\VC2022\src\init.inc(17,27): warning C4102: automateweldingv1_sinit__0: неиспользованная метка [C:\SimInTech64\bin\CodeTemplates\VC2022\src\example_cpp.vcxproj]
C:\SimInTech64\bin\CodeTemplates\VC2022\src\init.inc(10,5): warning C4101: c: неиспользованная локальная переменная [C:\SimInTech64\bin\CodeTemplates\VC2022\src\example_cpp.vcxproj]
C:\SimInTech64\bin\CodeTemplates\VC2022\src\init.inc(9,5): warning C4101: j: неиспользованная локальная переменная [C:\SimInTech64\bin\CodeTemplates\VC2022\src\example_cpp.vcxproj]
C:\SimInTech64\bin\CodeTemplates\VC2022\src\init.inc(8,5): warning C4101: i: неиспользованная локальная переменная [C:\SimInTech64\bin\CodeTemplates\VC2022\src\example_cpp.vcxproj]
C:\SimInTech64\bin\CodeTemplates\VC2022\src\prog.inc(36,28): warning C4102: automateweldingv1_sfinal__0: неиспользованная метка [C:\SimInTech64\bin\CodeTemplates\VC2022\src\example_cpp.vcxproj]
C:\SimInTech64\bin\CodeTemplates\VC2022\src\prog.inc(73,26): warning C4102: l_start_automateweldingv1: неиспользованная метка [C:\SimInTech64\bin\CodeTemplates\VC2022\src\example_cpp.vcxproj]
C:\SimInTech64\bin\CodeTemplates\VC2022\src\prog.inc(74,22): warning C4102: automateweldingv1___0: неиспользованная метка [C:\SimInTech64\bin\CodeTemplates\VC2022\src\example_cpp.vcxproj]
C:\SimInTech64\bin\CodeTemplates\VC2022\src\prog.inc(25,6): warning C4101: u_r: неиспользованная локальная переменная [C:\SimInTech64\bin\CodeTemplates\VC2022\src\example_cpp.vcxproj]
C:\SimInTech64\bin\CodeTemplates\VC2022\src\prog.inc(17,8): warning C4101: tmp3: неиспользованная локальная переменная [C:\SimInTech64\bin\CodeTemplates\VC2022\src\example_cpp.vcxproj]
C:\SimInTech64\bin\CodeTemplates\VC2022\src\prog.inc(19,8): warning C4101: tmp5: неиспользованная локальная переменная [C:\SimInTech64\bin\CodeTemplates\VC2022\src\example_cpp.vcxproj]
C:\SimInTech64\bin\CodeTemplates\VC2022\src\prog.inc(20,8): warning C4101: tmp6: неиспользованная локальная переменная [C:\SimInTech64\bin\CodeTemplates\VC2022\src\example_cpp.vcxproj]
C:\SimInTech64\bin\CodeTemplates\VC2022\src\prog.inc(14,5): warning C4101: itmp3: неиспользованная локальная переменная [C:\SimInTech64\bin\CodeTemplates\VC2022\src\example_cpp.vcxproj]
C:\SimInTech64\bin\CodeTemplates\VC2022\src\prog.inc(18,8): warning C4101: tmp4: неиспользованная локальная переменная [C:\SimInTech64\bin\CodeTemplates\VC2022\src\example_cpp.vcxproj]
C:\SimInTech64\bin\CodeTemplates\VC2022\src\prog.inc(22,6): warning C4101: f: неиспользованная локальная переменная [C:\SimInTech64\bin\CodeTemplates\VC2022\src\example_cpp.vcxproj]
C:\SimInTech64\bin\CodeTemplates\VC2022\src\prog.inc(21,8): warning C4101: tmp7: неиспользованная локальная переменная [C:\SimInTech64\bin\CodeTemplates\VC2022\src\example_cpp.vcxproj]
C:\SimInTech64\bin\CodeTemplates\VC2022\src\prog.inc(12,5): warning C4101: itmp1: неиспользованная локальная переменная [C:\SimInTech64\bin\CodeTemplates\VC2022\src\example_cpp.vcxproj]
C:\SimInTech64\bin\CodeTemplates\VC2022\src\prog.inc(23,6): warning C4101: tmp_f_1: неиспользованная локальная переменная [C:\SimInTech64\bin\CodeTemplates\VC2022\src\example_cpp.vcxproj]
C:\SimInTech64\bin\CodeTemplates\VC2022\src\prog.inc(11,5): warning C4101: c: неиспользованная локальная переменная [C:\SimInTech64\bin\CodeTemplates\VC2022\src\example_cpp.vcxproj]
C:\SimInTech64\bin\CodeTemplates\VC2022\src\prog.inc(10,5): warning C4101: j: неиспользованная локальная переменная [C:\SimInTech64\bin\CodeTemplates\VC2022\src\example_cpp.vcxproj]
C:\SimInTech64\bin\CodeTemplates\VC2022\src\prog.inc(9,5): warning C4101: i: неиспользованная локальная переменная [C:\SimInTech64\bin\CodeTemplates\VC2022\src\example_cpp.vcxproj]
C:\SimInTech64\bin\CodeTemplates\VC2022\src\prog.inc(16,8): warning C4101: tmp2: неиспользованная локальная переменная [C:\SimInTech64\bin\CodeTemplates\VC2022\src\example_cpp.vcxproj]
C:\SimInTech64\bin\CodeTemplates\VC2022\src\prog.inc(24,6): warning C4101: u_s: неиспользованная локальная переменная [C:\SimInTech64\bin\CodeTemplates\VC2022\src\example_cpp.vcxproj]
C:\SimInTech64\bin\CodeTemplates\VC2022\src\prog.inc(15,8): warning C4101: tmp1: неиспользованная локальная переменная [C:\SimInTech64\bin\CodeTemplates\VC2022\src\example_cpp.vcxproj]
C:\SimInTech64\bin\CodeTemplates\VC2022\src\prog.inc(13,5): warning C4101: itmp2: неиспользованная локальная переменная [C:\SimInTech64\bin\CodeTemplates\VC2022\src\example_cpp.vcxproj]
C:\SimInTech64\bin\CodeTemplates\VC2022\src\state.inc(25,6): warning C4101: u_r: неиспользованная локальная переменная [C:\SimInTech64\bin\CodeTemplates\VC2022\src\example_cpp.vcxproj]
C:\SimInTech64\bin\CodeTemplates\VC2022\src\state.inc(17,8): warning C4101: tmp3: неиспользованная локальная переменная [C:\SimInTech64\bin\CodeTemplates\VC2022\src\example_cpp.vcxproj]
C:\SimInTech64\bin\CodeTemplates\VC2022\src\state.inc(19,8): warning C4101: tmp5: неиспользованная локальная переменная [C:\SimInTech64\bin\CodeTemplates\VC2022\src\example_cpp.vcxproj]
C:\SimInTech64\bin\CodeTemplates\VC2022\src\state.inc(20,8): warning C4101: tmp6: неиспользованная локальная переменная [C:\SimInTech64\bin\CodeTemplates\VC2022\src\example_cpp.vcxproj]
C:\SimInTech64\bin\CodeTemplates\VC2022\src\state.inc(14,5): warning C4101: itmp3: неиспользованная локальная переменная [C:\SimInTech64\bin\CodeTemplates\VC2022\src\example_cpp.vcxproj]
C:\SimInTech64\bin\CodeTemplates\VC2022\src\state.inc(18,8): warning C4101: tmp4: неиспользованная локальная переменная [C:\SimInTech64\bin\CodeTemplates\VC2022\src\example_cpp.vcxproj]
C:\SimInTech64\bin\CodeTemplates\VC2022\src\state.inc(22,6): warning C4101: f: неиспользованная локальная переменная [C:\SimInTech64\bin\CodeTemplates\VC2022\src\example_cpp.vcxproj]
C:\SimInTech64\bin\CodeTemplates\VC2022\src\state.inc(21,8): warning C4101: tmp7: неиспользованная локальная переменная [C:\SimInTech64\bin\CodeTemplates\VC2022\src\example_cpp.vcxproj]
C:\SimInTech64\bin\CodeTemplates\VC2022\src\state.inc(12,5): warning C4101: itmp1: неиспользованная локальная переменная [C:\SimInTech64\bin\CodeTemplates\VC2022\src\example_cpp.vcxproj]
C:\SimInTech64\bin\CodeTemplates\VC2022\src\state.inc(23,6): warning C4101: tmp_f_1: неиспользованная локальная переменная [C:\SimInTech64\bin\CodeTemplates\VC2022\src\example_cpp.vcxproj]
C:\SimInTech64\bin\CodeTemplates\VC2022\src\state.inc(11,5): warning C4101: c: неиспользованная локальная переменная [C:\SimInTech64\bin\CodeTemplates\VC2022\src\example_cpp.vcxproj]
C:\SimInTech64\bin\CodeTemplates\VC2022\src\state.inc(10,5): warning C4101: j: неиспользованная локальная переменная [C:\SimInTech64\bin\CodeTemplates\VC2022\src\example_cpp.vcxproj]
C:\SimInTech64\bin\CodeTemplates\VC2022\src\state.inc(9,5): warning C4101: i: неиспользованная локальная переменная [C:\SimInTech64\bin\CodeTemplates\VC2022\src\example_cpp.vcxproj]
C:\SimInTech64\bin\CodeTemplates\VC2022\src\state.inc(16,8): warning C4101: tmp2: неиспользованная локальная переменная [C:\SimInTech64\bin\CodeTemplates\VC2022\src\example_cpp.vcxproj]
C:\SimInTech64\bin\CodeTemplates\VC2022\src\state.inc(24,6): warning C4101: u_s: неиспользованная локальная переменная [C:\SimInTech64\bin\CodeTemplates\VC2022\src\example_cpp.vcxproj]
C:\SimInTech64\bin\CodeTemplates\VC2022\src\state.inc(15,8): warning C4101: tmp1: неиспользованная локальная переменная [C:\SimInTech64\bin\CodeTemplates\VC2022\src\example_cpp.vcxproj]
C:\SimInTech64\bin\CodeTemplates\VC2022\src\state.inc(13,5): warning C4101: itmp2: неиспользованная локальная переменная [C:\SimInTech64\bin\CodeTemplates\VC2022\src\example_cpp.vcxproj]
Link:
  c:\Program Files\Microsoft Visual Studio\2022\Community\VC\Tools\MSVC\14.33.31629\bin\HostX64\x64\link.exe /ERRORREPORT:QUEUE /OUT:"..\bin\example_cpp.dll" /INCREMENTAL /ILK:"..\temp\Release\example_cpp.ilk" /NOLOGO kernel32.lib user32.lib gdi32.lib winspool.lib comdlg32.lib advapi32.lib shell32.lib ole32.lib oleaut32.lib uuid.lib odbc32.lib odbccp32.lib /DEF:"example_cpp.def" /MANIFEST /MANIFESTUAC:"level='asInvoker' uiAccess='false'" /manifest:embed /DEBUG /PDB:"..\bin\example_cpp.pdb" /SUBSYSTEM:WINDOWS /LTCG:incremental /LTCGOUT:"..\temp\Release\example_cpp.iobj" /TLBID:1 /DYNAMICBASE /NXCOMPAT /IMPLIB:"..\bin\example_cpp.lib" /MACHINE:X64 /DLL ..\temp\Release\dllmain.obj
  ..\temp\Release\example.obj
  ..\temp\Release\stdafx.obj
LINK : warning LNK4075: не учитывается "/INCREMENTAL" из-за спецификации "/LTCG" [C:\SimInTech64\bin\CodeTemplates\VC2022\src\example_cpp.vcxproj]
     Создается библиотека ..\bin\example_cpp.lib и объект ..\bin\example_cpp.exp
  LINK : указан параметр /LTCG, но не требуется создание кода; удалите /LTCG из командной строки компоновки для повышения производительности компоновщика
  example_cpp.vcxproj -> C:\SimInTech64\bin\CodeTemplates\VC2022\bin\example_cpp.dll
FinalizeBuildStatus:
  Файл "..\temp\Release\example_cpp.tlog\unsuccessfulbuild" удаляется.
  Обращение к "..\temp\Release\example_cpp.tlog\example_cpp.lastbuildstate".
Сборка проекта "C:\SimInTech64\bin\CodeTemplates\VC2022\src\example_cpp.vcxproj" завершена (целевые объекты rebuild).

Сборка успешно завершена.

"C:\SimInTech64\bin\CodeTemplates\VC2022\src\example_cpp.vcxproj" (целевой объект rebuild ) (1) ->
(Целевой объект ClCompile) -> 
  cl : командная строка  warning D9035: использование параметра "Gm" нежелательно, он будет удален в следующих выпусках [C:\SimInTech64\bin\CodeTemplates\VC2022\src\example_cpp.vcxproj]
  cl : командная строка  warning D9007: для "/Gm" требуется "/Zi или /ZI"; параметр пропущен [C:\SimInTech64\bin\CodeTemplates\VC2022\src\example_cpp.vcxproj]


"C:\SimInTech64\bin\CodeTemplates\VC2022\src\example_cpp.vcxproj" (целевой объект rebuild ) (1) ->
  cl : командная строка  warning D9035: использование параметра "Gm" нежелательно, он будет удален в следующих выпусках [C:\SimInTech64\bin\CodeTemplates\VC2022\src\example_cpp.vcxproj]
  cl : командная строка  warning D9007: для "/Gm" требуется "/Zi или /ZI"; параметр пропущен [C:\SimInTech64\bin\CodeTemplates\VC2022\src\example_cpp.vcxproj]


"C:\SimInTech64\bin\CodeTemplates\VC2022\src\example_cpp.vcxproj" (целевой объект rebuild ) (1) ->
  cl : командная строка  warning D9035: использование параметра "Gm" нежелательно, он будет удален в следующих выпусках [C:\SimInTech64\bin\CodeTemplates\VC2022\src\example_cpp.vcxproj]
  cl : командная строка  warning D9007: для "/Gm" требуется "/Zi или /ZI"; параметр пропущен [C:\SimInTech64\bin\CodeTemplates\VC2022\src\example_cpp.vcxproj]
  C:\SimInTech64\bin\CodeTemplates\VC2022\src\init.inc(17,27): warning C4102: automateweldingv1_sinit__0: неиспользованная метка [C:\SimInTech64\bin\CodeTemplates\VC2022\src\example_cpp.vcxproj]
  C:\SimInTech64\bin\CodeTemplates\VC2022\src\init.inc(10,5): warning C4101: c: неиспользованная локальная переменная [C:\SimInTech64\bin\CodeTemplates\VC2022\src\example_cpp.vcxproj]
  C:\SimInTech64\bin\CodeTemplates\VC2022\src\init.inc(9,5): warning C4101: j: неиспользованная локальная переменная [C:\SimInTech64\bin\CodeTemplates\VC2022\src\example_cpp.vcxproj]
  C:\SimInTech64\bin\CodeTemplates\VC2022\src\init.inc(8,5): warning C4101: i: неиспользованная локальная переменная [C:\SimInTech64\bin\CodeTemplates\VC2022\src\example_cpp.vcxproj]
  C:\SimInTech64\bin\CodeTemplates\VC2022\src\prog.inc(36,28): warning C4102: automateweldingv1_sfinal__0: неиспользованная метка [C:\SimInTech64\bin\CodeTemplates\VC2022\src\example_cpp.vcxproj]
  C:\SimInTech64\bin\CodeTemplates\VC2022\src\prog.inc(73,26): warning C4102: l_start_automateweldingv1: неиспользованная метка [C:\SimInTech64\bin\CodeTemplates\VC2022\src\example_cpp.vcxproj]
  C:\SimInTech64\bin\CodeTemplates\VC2022\src\prog.inc(74,22): warning C4102: automateweldingv1___0: неиспользованная метка [C:\SimInTech64\bin\CodeTemplates\VC2022\src\example_cpp.vcxproj]
  C:\SimInTech64\bin\CodeTemplates\VC2022\src\prog.inc(25,6): warning C4101: u_r: неиспользованная локальная переменная [C:\SimInTech64\bin\CodeTemplates\VC2022\src\example_cpp.vcxproj]
  C:\SimInTech64\bin\CodeTemplates\VC2022\src\prog.inc(17,8): warning C4101: tmp3: неиспользованная локальная переменная [C:\SimInTech64\bin\CodeTemplates\VC2022\src\example_cpp.vcxproj]
  C:\SimInTech64\bin\CodeTemplates\VC2022\src\prog.inc(19,8): warning C4101: tmp5: неиспользованная локальная переменная [C:\SimInTech64\bin\CodeTemplates\VC2022\src\example_cpp.vcxproj]
  C:\SimInTech64\bin\CodeTemplates\VC2022\src\prog.inc(20,8): warning C4101: tmp6: неиспользованная локальная переменная [C:\SimInTech64\bin\CodeTemplates\VC2022\src\example_cpp.vcxproj]
  C:\SimInTech64\bin\CodeTemplates\VC2022\src\prog.inc(14,5): warning C4101: itmp3: неиспользованная локальная переменная [C:\SimInTech64\bin\CodeTemplates\VC2022\src\example_cpp.vcxproj]
  C:\SimInTech64\bin\CodeTemplates\VC2022\src\prog.inc(18,8): warning C4101: tmp4: неиспользованная локальная переменная [C:\SimInTech64\bin\CodeTemplates\VC2022\src\example_cpp.vcxproj]
  C:\SimInTech64\bin\CodeTemplates\VC2022\src\prog.inc(22,6): warning C4101: f: неиспользованная локальная переменная [C:\SimInTech64\bin\CodeTemplates\VC2022\src\example_cpp.vcxproj]
  C:\SimInTech64\bin\CodeTemplates\VC2022\src\prog.inc(21,8): warning C4101: tmp7: неиспользованная локальная переменная [C:\SimInTech64\bin\CodeTemplates\VC2022\src\example_cpp.vcxproj]
  C:\SimInTech64\bin\CodeTemplates\VC2022\src\prog.inc(12,5): warning C4101: itmp1: неиспользованная локальная переменная [C:\SimInTech64\bin\CodeTemplates\VC2022\src\example_cpp.vcxproj]
  C:\SimInTech64\bin\CodeTemplates\VC2022\src\prog.inc(23,6): warning C4101: tmp_f_1: неиспользованная локальная переменная [C:\SimInTech64\bin\CodeTemplates\VC2022\src\example_cpp.vcxproj]
  C:\SimInTech64\bin\CodeTemplates\VC2022\src\prog.inc(11,5): warning C4101: c: неиспользованная локальная переменная [C:\SimInTech64\bin\CodeTemplates\VC2022\src\example_cpp.vcxproj]
  C:\SimInTech64\bin\CodeTemplates\VC2022\src\prog.inc(10,5): warning C4101: j: неиспользованная локальная переменная [C:\SimInTech64\bin\CodeTemplates\VC2022\src\example_cpp.vcxproj]
  C:\SimInTech64\bin\CodeTemplates\VC2022\src\prog.inc(9,5): warning C4101: i: неиспользованная локальная переменная [C:\SimInTech64\bin\CodeTemplates\VC2022\src\example_cpp.vcxproj]
  C:\SimInTech64\bin\CodeTemplates\VC2022\src\prog.inc(16,8): warning C4101: tmp2: неиспользованная локальная переменная [C:\SimInTech64\bin\CodeTemplates\VC2022\src\example_cpp.vcxproj]
  C:\SimInTech64\bin\CodeTemplates\VC2022\src\prog.inc(24,6): warning C4101: u_s: неиспользованная локальная переменная [C:\SimInTech64\bin\CodeTemplates\VC2022\src\example_cpp.vcxproj]
  C:\SimInTech64\bin\CodeTemplates\VC2022\src\prog.inc(15,8): warning C4101: tmp1: неиспользованная локальная переменная [C:\SimInTech64\bin\CodeTemplates\VC2022\src\example_cpp.vcxproj]
  C:\SimInTech64\bin\CodeTemplates\VC2022\src\prog.inc(13,5): warning C4101: itmp2: неиспользованная локальная переменная [C:\SimInTech64\bin\CodeTemplates\VC2022\src\example_cpp.vcxproj]
  C:\SimInTech64\bin\CodeTemplates\VC2022\src\state.inc(25,6): warning C4101: u_r: неиспользованная локальная переменная [C:\SimInTech64\bin\CodeTemplates\VC2022\src\example_cpp.vcxproj]
  C:\SimInTech64\bin\CodeTemplates\VC2022\src\state.inc(17,8): warning C4101: tmp3: неиспользованная локальная переменная [C:\SimInTech64\bin\CodeTemplates\VC2022\src\example_cpp.vcxproj]
  C:\SimInTech64\bin\CodeTemplates\VC2022\src\state.inc(19,8): warning C4101: tmp5: неиспользованная локальная переменная [C:\SimInTech64\bin\CodeTemplates\VC2022\src\example_cpp.vcxproj]
  C:\SimInTech64\bin\CodeTemplates\VC2022\src\state.inc(20,8): warning C4101: tmp6: неиспользованная локальная переменная [C:\SimInTech64\bin\CodeTemplates\VC2022\src\example_cpp.vcxproj]
  C:\SimInTech64\bin\CodeTemplates\VC2022\src\state.inc(14,5): warning C4101: itmp3: неиспользованная локальная переменная [C:\SimInTech64\bin\CodeTemplates\VC2022\src\example_cpp.vcxproj]
  C:\SimInTech64\bin\CodeTemplates\VC2022\src\state.inc(18,8): warning C4101: tmp4: неиспользованная локальная переменная [C:\SimInTech64\bin\CodeTemplates\VC2022\src\example_cpp.vcxproj]
  C:\SimInTech64\bin\CodeTemplates\VC2022\src\state.inc(22,6): warning C4101: f: неиспользованная локальная переменная [C:\SimInTech64\bin\CodeTemplates\VC2022\src\example_cpp.vcxproj]
  C:\SimInTech64\bin\CodeTemplates\VC2022\src\state.inc(21,8): warning C4101: tmp7: неиспользованная локальная переменная [C:\SimInTech64\bin\CodeTemplates\VC2022\src\example_cpp.vcxproj]
  C:\SimInTech64\bin\CodeTemplates\VC2022\src\state.inc(12,5): warning C4101: itmp1: неиспользованная локальная переменная [C:\SimInTech64\bin\CodeTemplates\VC2022\src\example_cpp.vcxproj]
  C:\SimInTech64\bin\CodeTemplates\VC2022\src\state.inc(23,6): warning C4101: tmp_f_1: неиспользованная локальная переменная [C:\SimInTech64\bin\CodeTemplates\VC2022\src\example_cpp.vcxproj]
  C:\SimInTech64\bin\CodeTemplates\VC2022\src\state.inc(11,5): warning C4101: c: неиспользованная локальная переменная [C:\SimInTech64\bin\CodeTemplates\VC2022\src\example_cpp.vcxproj]
  C:\SimInTech64\bin\CodeTemplates\VC2022\src\state.inc(10,5): warning C4101: j: неиспользованная локальная переменная [C:\SimInTech64\bin\CodeTemplates\VC2022\src\example_cpp.vcxproj]
  C:\SimInTech64\bin\CodeTemplates\VC2022\src\state.inc(9,5): warning C4101: i: неиспользованная локальная переменная [C:\SimInTech64\bin\CodeTemplates\VC2022\src\example_cpp.vcxproj]
  C:\SimInTech64\bin\CodeTemplates\VC2022\src\state.inc(16,8): warning C4101: tmp2: неиспользованная локальная переменная [C:\SimInTech64\bin\CodeTemplates\VC2022\src\example_cpp.vcxproj]
  C:\SimInTech64\bin\CodeTemplates\VC2022\src\state.inc(24,6): warning C4101: u_s: неиспользованная локальная переменная [C:\SimInTech64\bin\CodeTemplates\VC2022\src\example_cpp.vcxproj]
  C:\SimInTech64\bin\CodeTemplates\VC2022\src\state.inc(15,8): warning C4101: tmp1: неиспользованная локальная переменная [C:\SimInTech64\bin\CodeTemplates\VC2022\src\example_cpp.vcxproj]
  C:\SimInTech64\bin\CodeTemplates\VC2022\src\state.inc(13,5): warning C4101: itmp2: неиспользованная локальная переменная [C:\SimInTech64\bin\CodeTemplates\VC2022\src\example_cpp.vcxproj]


"C:\SimInTech64\bin\CodeTemplates\VC2022\src\example_cpp.vcxproj" (целевой объект rebuild ) (1) ->
(Целевой объект Link) -> 
  LINK : warning LNK4075: не учитывается "/INCREMENTAL" из-за спецификации "/LTCG" [C:\SimInTech64\bin\CodeTemplates\VC2022\src\example_cpp.vcxproj]

    Предупреждений: 48
    Ошибок: 0

Прошло времени 00:00:02.68
